2024-09-09 11:46:52 INFO  WebServicesLog:26 - Entered in to executeSuite method
2024-09-09 11:46:52 INFO  WebServicesLog:59 - Entered in to createFolder method.
2024-09-09 11:46:52 INFO  WebServicesLog:65 - Exit from createFolder method.
2024-09-09 11:46:52 INFO  WebServicesLog:143 - Entered in to dateWithMilliSeconds method.
2024-09-09 11:46:52 INFO  WebServicesLog:146 - Exit from dateWithMilliSeconds method.
2024-09-09 11:46:52 INFO  WebServicesLog:143 - Entered in to dateWithMilliSeconds method.
2024-09-09 11:46:52 INFO  WebServicesLog:146 - Exit from dateWithMilliSeconds method.
2024-09-09 11:46:52 INFO  WebServicesLog:89 - Entered in to getProperties method.
2024-09-09 11:46:52 INFO  WebServicesLog:101 - Exit from getProperties method.
2024-09-09 11:46:52 INFO  WebServicesLog:75 - Entered in to createRow method.
2024-09-09 11:46:53 INFO  WebServicesLog:80 - Creating an excelworkbook in CreateRow method.
2024-09-09 11:46:53 INFO  WebServicesLog:98 - Exit from createRow method.
2024-09-09 11:46:53 INFO  WebServicesLog:15 - Entered in to onStart method.
2024-09-09 11:46:53 INFO  WebServicesLog:31 - Exit from onStart method.
2024-09-09 11:46:53 INFO  WebServicesLog:102 - Entered in to excelFileRead method.
2024-09-09 11:46:54 INFO  WebServicesLog:113 - Exit from excelFileRead method.
2024-09-09 11:46:54 INFO  WebServicesLog:102 - Entered in to excelFileRead method.
2024-09-09 11:46:54 INFO  WebServicesLog:113 - Exit from excelFileRead method.
2024-09-09 11:46:54 INFO  WebServicesLog:102 - Entered in to excelFileRead method.
2024-09-09 11:46:54 INFO  WebServicesLog:113 - Exit from excelFileRead method.
2024-09-09 11:46:54 INFO  WebServicesLog:97 - PostBook is not selected for execution.
2024-09-09 11:46:54 INFO  WebServicesLog:102 - Entered in to excelFileRead method.
2024-09-09 11:46:54 INFO  WebServicesLog:113 - Exit from excelFileRead method.
2024-09-09 11:46:54 INFO  WebServicesLog:102 - Entered in to excelFileRead method.
2024-09-09 11:46:54 INFO  WebServicesLog:113 - Exit from excelFileRead method.
2024-09-09 11:46:54 INFO  WebServicesLog:97 - GetBook is not selected for execution.
2024-09-09 11:46:54 INFO  WebServicesLog:102 - Entered in to excelFileRead method.
2024-09-09 11:46:54 INFO  WebServicesLog:113 - Exit from excelFileRead method.
2024-09-09 11:46:54 INFO  WebServicesLog:102 - Entered in to excelFileRead method.
2024-09-09 11:46:54 INFO  WebServicesLog:113 - Exit from excelFileRead method.
2024-09-09 11:46:54 INFO  WebServicesLog:97 - DeleteBook is not selected for execution.
2024-09-09 11:46:54 INFO  WebServicesLog:102 - Entered in to excelFileRead method.
2024-09-09 11:46:54 INFO  WebServicesLog:113 - Exit from excelFileRead method.
2024-09-09 11:46:54 INFO  WebServicesLog:102 - Entered in to excelFileRead method.
2024-09-09 11:46:54 INFO  WebServicesLog:113 - Exit from excelFileRead method.
2024-09-09 11:46:54 INFO  WebServicesLog:97 - PostObject is not selected for execution.
2024-09-09 11:46:54 INFO  WebServicesLog:102 - Entered in to excelFileRead method.
2024-09-09 11:46:54 INFO  WebServicesLog:113 - Exit from excelFileRead method.
2024-09-09 11:46:54 INFO  WebServicesLog:102 - Entered in to excelFileRead method.
2024-09-09 11:46:54 INFO  WebServicesLog:113 - Exit from excelFileRead method.
2024-09-09 11:46:54 INFO  WebServicesLog:97 - GetObject is not selected for execution.
2024-09-09 11:46:54 INFO  WebServicesLog:102 - Entered in to excelFileRead method.
2024-09-09 11:46:54 INFO  WebServicesLog:113 - Exit from excelFileRead method.
2024-09-09 11:46:54 INFO  WebServicesLog:102 - Entered in to excelFileRead method.
2024-09-09 11:46:55 INFO  WebServicesLog:113 - Exit from excelFileRead method.
2024-09-09 11:46:55 INFO  WebServicesLog:97 - PatchObject is not selected for execution.
2024-09-09 11:46:55 INFO  WebServicesLog:102 - Entered in to excelFileRead method.
2024-09-09 11:46:55 INFO  WebServicesLog:113 - Exit from excelFileRead method.
2024-09-09 11:46:55 INFO  WebServicesLog:102 - Entered in to excelFileRead method.
2024-09-09 11:46:55 INFO  WebServicesLog:113 - Exit from excelFileRead method.
2024-09-09 11:46:55 INFO  WebServicesLog:97 - DeleteObject is not selected for execution.
2024-09-09 11:46:55 INFO  WebServicesLog:102 - Entered in to excelFileRead method.
2024-09-09 11:46:55 INFO  WebServicesLog:113 - Exit from excelFileRead method.
2024-09-09 11:46:55 INFO  WebServicesLog:102 - Entered in to excelFileRead method.
2024-09-09 11:46:55 INFO  WebServicesLog:113 - Exit from excelFileRead method.
2024-09-09 11:46:55 INFO  WebServicesLog:97 - PostPetStore is not selected for execution.
2024-09-09 11:46:55 INFO  WebServicesLog:102 - Entered in to excelFileRead method.
2024-09-09 11:46:55 INFO  WebServicesLog:113 - Exit from excelFileRead method.
2024-09-09 11:46:55 INFO  WebServicesLog:102 - Entered in to excelFileRead method.
2024-09-09 11:46:55 INFO  WebServicesLog:113 - Exit from excelFileRead method.
2024-09-09 11:46:55 INFO  WebServicesLog:97 - GetPetStore is not selected for execution.
2024-09-09 11:46:55 INFO  WebServicesLog:102 - Entered in to excelFileRead method.
2024-09-09 11:46:55 INFO  WebServicesLog:113 - Exit from excelFileRead method.
2024-09-09 11:46:55 INFO  WebServicesLog:102 - Entered in to excelFileRead method.
2024-09-09 11:46:55 INFO  WebServicesLog:113 - Exit from excelFileRead method.
2024-09-09 11:46:55 INFO  WebServicesLog:97 - DeletePetStore is not selected for execution.
2024-09-09 11:46:55 INFO  WebServicesLog:102 - Entered in to excelFileRead method.
2024-09-09 11:46:55 INFO  WebServicesLog:113 - Exit from excelFileRead method.
2024-09-09 11:46:55 INFO  WebServicesLog:102 - Entered in to excelFileRead method.
2024-09-09 11:46:55 INFO  WebServicesLog:113 - Exit from excelFileRead method.
2024-09-09 11:46:55 INFO  WebServicesLog:97 - GetPetStoreInventory is not selected for execution.
2024-09-09 11:46:55 INFO  WebServicesLog:102 - Entered in to excelFileRead method.
2024-09-09 11:46:55 INFO  WebServicesLog:113 - Exit from excelFileRead method.
2024-09-09 11:46:55 INFO  WebServicesLog:102 - Entered in to excelFileRead method.
2024-09-09 11:46:55 INFO  WebServicesLog:113 - Exit from excelFileRead method.
2024-09-09 11:46:55 INFO  WebServicesLog:97 - PostPetUser is not selected for execution.
2024-09-09 11:46:55 INFO  WebServicesLog:102 - Entered in to excelFileRead method.
2024-09-09 11:46:55 INFO  WebServicesLog:113 - Exit from excelFileRead method.
2024-09-09 11:46:55 INFO  WebServicesLog:102 - Entered in to excelFileRead method.
2024-09-09 11:46:55 INFO  WebServicesLog:113 - Exit from excelFileRead method.
2024-09-09 11:46:55 INFO  WebServicesLog:97 - GetPetUser is not selected for execution.
2024-09-09 11:46:55 INFO  WebServicesLog:102 - Entered in to excelFileRead method.
2024-09-09 11:46:55 INFO  WebServicesLog:113 - Exit from excelFileRead method.
2024-09-09 11:46:55 INFO  WebServicesLog:102 - Entered in to excelFileRead method.
2024-09-09 11:46:55 INFO  WebServicesLog:113 - Exit from excelFileRead method.
2024-09-09 11:46:55 INFO  WebServicesLog:97 - GetPetUserLogin is not selected for execution.
2024-09-09 11:46:55 INFO  WebServicesLog:102 - Entered in to excelFileRead method.
2024-09-09 11:46:55 INFO  WebServicesLog:113 - Exit from excelFileRead method.
2024-09-09 11:46:55 INFO  WebServicesLog:102 - Entered in to excelFileRead method.
2024-09-09 11:46:55 INFO  WebServicesLog:113 - Exit from excelFileRead method.
2024-09-09 11:46:55 INFO  WebServicesLog:97 - PutPetUser is not selected for execution.
2024-09-09 11:46:55 INFO  WebServicesLog:102 - Entered in to excelFileRead method.
2024-09-09 11:46:55 INFO  WebServicesLog:113 - Exit from excelFileRead method.
2024-09-09 11:46:55 INFO  WebServicesLog:102 - Entered in to excelFileRead method.
2024-09-09 11:46:55 INFO  WebServicesLog:113 - Exit from excelFileRead method.
2024-09-09 11:46:55 INFO  WebServicesLog:97 - GetPetUserLogout is not selected for execution.
2024-09-09 11:46:55 INFO  WebServicesLog:102 - Entered in to excelFileRead method.
2024-09-09 11:46:55 INFO  WebServicesLog:113 - Exit from excelFileRead method.
2024-09-09 11:46:55 INFO  WebServicesLog:102 - Entered in to excelFileRead method.
2024-09-09 11:46:55 INFO  WebServicesLog:113 - Exit from excelFileRead method.
2024-09-09 11:46:55 INFO  WebServicesLog:97 - DeletePetUser is not selected for execution.
2024-09-09 11:46:55 INFO  WebServicesLog:102 - Entered in to excelFileRead method.
2024-09-09 11:46:55 INFO  WebServicesLog:113 - Exit from excelFileRead method.
2024-09-09 11:46:55 INFO  WebServicesLog:102 - Entered in to excelFileRead method.
2024-09-09 11:46:55 INFO  WebServicesLog:113 - Exit from excelFileRead method.
2024-09-09 11:46:55 INFO  WebServicesLog:97 - PostPet is not selected for execution.
2024-09-09 11:46:55 INFO  WebServicesLog:102 - Entered in to excelFileRead method.
2024-09-09 11:46:56 INFO  WebServicesLog:113 - Exit from excelFileRead method.
2024-09-09 11:46:56 INFO  WebServicesLog:102 - Entered in to excelFileRead method.
2024-09-09 11:46:56 INFO  WebServicesLog:113 - Exit from excelFileRead method.
2024-09-09 11:46:56 INFO  WebServicesLog:97 - PostPetImage is not selected for execution.
2024-09-09 11:46:56 INFO  WebServicesLog:102 - Entered in to excelFileRead method.
2024-09-09 11:46:56 INFO  WebServicesLog:113 - Exit from excelFileRead method.
2024-09-09 11:46:56 INFO  WebServicesLog:102 - Entered in to excelFileRead method.
2024-09-09 11:46:56 INFO  WebServicesLog:113 - Exit from excelFileRead method.
2024-09-09 11:46:56 INFO  WebServicesLog:97 - GetPet is not selected for execution.
2024-09-09 11:46:56 INFO  WebServicesLog:102 - Entered in to excelFileRead method.
2024-09-09 11:46:56 INFO  WebServicesLog:113 - Exit from excelFileRead method.
2024-09-09 11:46:56 INFO  WebServicesLog:102 - Entered in to excelFileRead method.
2024-09-09 11:46:56 INFO  WebServicesLog:113 - Exit from excelFileRead method.
2024-09-09 11:46:56 INFO  WebServicesLog:97 - PutPet is not selected for execution.
2024-09-09 11:46:56 INFO  WebServicesLog:102 - Entered in to excelFileRead method.
2024-09-09 11:46:56 INFO  WebServicesLog:113 - Exit from excelFileRead method.
2024-09-09 11:46:56 INFO  WebServicesLog:102 - Entered in to excelFileRead method.
2024-09-09 11:46:56 INFO  WebServicesLog:113 - Exit from excelFileRead method.
2024-09-09 11:46:56 INFO  WebServicesLog:97 - GetPetByStatus is not selected for execution.
2024-09-09 11:46:56 INFO  WebServicesLog:102 - Entered in to excelFileRead method.
2024-09-09 11:46:56 INFO  WebServicesLog:113 - Exit from excelFileRead method.
2024-09-09 11:46:56 INFO  WebServicesLog:102 - Entered in to excelFileRead method.
2024-09-09 11:46:56 INFO  WebServicesLog:113 - Exit from excelFileRead method.
2024-09-09 11:46:56 INFO  WebServicesLog:97 - PostPetFormData is not selected for execution.
2024-09-09 11:46:56 INFO  WebServicesLog:102 - Entered in to excelFileRead method.
2024-09-09 11:46:56 INFO  WebServicesLog:113 - Exit from excelFileRead method.
2024-09-09 11:46:56 INFO  WebServicesLog:102 - Entered in to excelFileRead method.
2024-09-09 11:46:56 INFO  WebServicesLog:113 - Exit from excelFileRead method.
2024-09-09 11:46:56 INFO  WebServicesLog:97 - DeletePet is not selected for execution.
2024-09-09 11:46:56 INFO  WebServicesLog:102 - Entered in to excelFileRead method.
2024-09-09 11:46:56 INFO  WebServicesLog:113 - Exit from excelFileRead method.
2024-09-09 11:46:56 INFO  WebServicesLog:102 - Entered in to excelFileRead method.
2024-09-09 11:46:56 INFO  WebServicesLog:113 - Exit from excelFileRead method.
2024-09-09 11:46:56 INFO  WebServicesLog:35 - Entered in to extentSummary method.
2024-09-09 11:46:56 INFO  WebServicesLog:37 - Exit from extentSummary method.
2024-09-09 11:46:56 INFO  WebServicesLog:79 - Execution started for PostEmp
2024-09-09 11:46:56 INFO  WebServicesLog:70 - Entered in to serviceRedirection method.
2024-09-09 11:46:56 INFO  WebServicesLog:30 - Entered in to PostEmp method.
2024-09-09 11:46:56 INFO  WebServicesLog:102 - Entered in to excelFileRead method.
2024-09-09 11:46:56 INFO  WebServicesLog:113 - Exit from excelFileRead method.
2024-09-09 11:46:56 INFO  WebServicesLog:89 - Entered in to getProperties method.
2024-09-09 11:46:56 INFO  WebServicesLog:101 - Exit from getProperties method.
2024-09-09 11:46:56 INFO  WebServicesLog:89 - Entered in to getProperties method.
2024-09-09 11:46:56 INFO  WebServicesLog:101 - Exit from getProperties method.
2024-09-09 11:46:56 INFO  WebServicesLog:89 - Entered in to getProperties method.
2024-09-09 11:46:56 INFO  WebServicesLog:101 - Exit from getProperties method.
2024-09-09 11:46:56 INFO  WebServicesLog:89 - Entered in to getProperties method.
2024-09-09 11:46:56 INFO  WebServicesLog:101 - Exit from getProperties method.
2024-09-09 11:46:56 INFO  WebServicesLog:89 - Entered in to getProperties method.
2024-09-09 11:46:56 INFO  WebServicesLog:101 - Exit from getProperties method.
2024-09-09 11:46:56 INFO  WebServicesLog:75 - Entered in to createRow method.
2024-09-09 11:46:56 INFO  WebServicesLog:98 - Exit from createRow method.
2024-09-09 11:46:56 INFO  WebServicesLog:63 - Execution started for TestCase No:1
2024-09-09 11:46:56 INFO  WebServicesLog:28 - Entered in to generateInputPayload method.
2024-09-09 11:46:56 INFO  WebServicesLog:107 - Entered in to textFileRead method.
2024-09-09 11:46:56 INFO  WebServicesLog:123 - Exit from textFileRead method.
2024-09-09 11:46:56 INFO  WebServicesLog:53 - Exit from generateInputPayload method.
2024-09-09 11:46:56 INFO  WebServicesLog:22 - Entered in to postMethod method.
2024-09-09 11:47:00 INFO  WebServicesLog:36 - Exit from postMethod method.
2024-09-09 11:47:00 INFO  WebServicesLog:180 - Entered in to responseCodeValidation method.
2024-09-09 11:47:00 INFO  WebServicesLog:102 - Entered in to excelFileRead method.
2024-09-09 11:47:00 INFO  WebServicesLog:113 - Exit from excelFileRead method.
2024-09-09 11:47:00 INFO  WebServicesLog:102 - Entered in to excelFileRead method.
2024-09-09 11:47:00 INFO  WebServicesLog:113 - Exit from excelFileRead method.
2024-09-09 11:47:00 INFO  WebServicesLog:51 - Entered into excelWriteData
2024-09-09 11:47:00 INFO  WebServicesLog:102 - Entered in to excelFileRead method.
2024-09-09 11:47:00 INFO  WebServicesLog:113 - Exit from excelFileRead method.
2024-09-09 11:47:00 INFO  WebServicesLog:64 - Exit from excelWriteData.
2024-09-09 11:47:00 INFO  WebServicesLog:102 - Entered in to excelFileRead method.
2024-09-09 11:47:00 INFO  WebServicesLog:113 - Exit from excelFileRead method.
2024-09-09 11:47:00 INFO  WebServicesLog:102 - Entered in to excelFileRead method.
2024-09-09 11:47:00 INFO  WebServicesLog:113 - Exit from excelFileRead method.
2024-09-09 11:47:00 INFO  WebServicesLog:51 - Entered into excelWriteData
2024-09-09 11:47:00 INFO  WebServicesLog:102 - Entered in to excelFileRead method.
2024-09-09 11:47:00 INFO  WebServicesLog:113 - Exit from excelFileRead method.
2024-09-09 11:47:00 INFO  WebServicesLog:64 - Exit from excelWriteData.
2024-09-09 11:47:00 INFO  WebServicesLog:102 - Entered in to excelFileRead method.
2024-09-09 11:47:00 INFO  WebServicesLog:113 - Exit from excelFileRead method.
2024-09-09 11:47:00 INFO  WebServicesLog:102 - Entered in to excelFileRead method.
2024-09-09 11:47:00 INFO  WebServicesLog:113 - Exit from excelFileRead method.
2024-09-09 11:47:00 INFO  WebServicesLog:51 - Entered into excelWriteData
2024-09-09 11:47:00 INFO  WebServicesLog:102 - Entered in to excelFileRead method.
2024-09-09 11:47:00 INFO  WebServicesLog:113 - Exit from excelFileRead method.
2024-09-09 11:47:00 INFO  WebServicesLog:64 - Exit from excelWriteData.
2024-09-09 11:47:00 INFO  WebServicesLog:75 - Entered in to createRow method.
2024-09-09 11:47:00 INFO  WebServicesLog:98 - Exit from createRow method.
2024-09-09 11:47:00 INFO  WebServicesLog:41 - Entered in to passTest method.
2024-09-09 11:47:00 INFO  WebServicesLog:44 - Test Case: Test Case: PostEmp Data<br />Result: PASS.<br />Result: PASS.
2024-09-09 11:47:01 INFO  WebServicesLog:45 - Exit from passTest method.
2024-09-09 11:47:01 INFO  WebServicesLog:134 - Execution status of Test Case number: '1' is : PASS 
2024-09-09 11:47:01 INFO  WebServicesLog:147 - Exit from PostEmp method.
2024-09-09 11:47:01 INFO  WebServicesLog:85 - Exit from serviceRedirection method.
2024-09-09 11:47:01 INFO  WebServicesLog:242 - Entered in to getFinalResult (String) method.
2024-09-09 11:47:01 INFO  WebServicesLog:259 - Exit from getFinalResult (String) method.
2024-09-09 11:47:01 INFO  WebServicesLog:75 - Entered in to createRow method.
2024-09-09 11:47:01 INFO  WebServicesLog:98 - Exit from createRow method.
2024-09-09 11:47:01 INFO  WebServicesLog:86 - Execution completed for PostEmp. Final result is:PASS
2024-09-09 11:47:01 INFO  WebServicesLog:102 - Entered in to excelFileRead method.
2024-09-09 11:47:01 INFO  WebServicesLog:113 - Exit from excelFileRead method.
2024-09-09 11:47:01 INFO  WebServicesLog:102 - Entered in to excelFileRead method.
2024-09-09 11:47:01 INFO  WebServicesLog:113 - Exit from excelFileRead method.
2024-09-09 11:47:01 INFO  WebServicesLog:35 - Entered in to extentSummary method.
2024-09-09 11:47:01 INFO  WebServicesLog:37 - Exit from extentSummary method.
2024-09-09 11:47:01 INFO  WebServicesLog:79 - Execution started for GetEmp
2024-09-09 11:47:01 INFO  WebServicesLog:70 - Entered in to serviceRedirection method.
2024-09-09 11:47:01 INFO  WebServicesLog:45 - Entered in to GetEmp method.
2024-09-09 11:47:01 INFO  WebServicesLog:102 - Entered in to excelFileRead method.
2024-09-09 11:47:01 INFO  WebServicesLog:113 - Exit from excelFileRead method.
2024-09-09 11:47:01 INFO  WebServicesLog:89 - Entered in to getProperties method.
2024-09-09 11:47:01 INFO  WebServicesLog:101 - Exit from getProperties method.
2024-09-09 11:47:01 INFO  WebServicesLog:89 - Entered in to getProperties method.
2024-09-09 11:47:01 INFO  WebServicesLog:101 - Exit from getProperties method.
2024-09-09 11:47:01 INFO  WebServicesLog:89 - Entered in to getProperties method.
2024-09-09 11:47:01 INFO  WebServicesLog:101 - Exit from getProperties method.
2024-09-09 11:47:01 INFO  WebServicesLog:89 - Entered in to getProperties method.
2024-09-09 11:47:01 INFO  WebServicesLog:101 - Exit from getProperties method.
2024-09-09 11:47:01 INFO  WebServicesLog:89 - Entered in to getProperties method.
2024-09-09 11:47:01 INFO  WebServicesLog:101 - Exit from getProperties method.
2024-09-09 11:47:01 INFO  WebServicesLog:143 - Entered in to dateWithMilliSeconds method.
2024-09-09 11:47:01 INFO  WebServicesLog:146 - Exit from dateWithMilliSeconds method.
2024-09-09 11:47:01 INFO  WebServicesLog:75 - Entered in to createRow method.
2024-09-09 11:47:01 INFO  WebServicesLog:98 - Exit from createRow method.
2024-09-09 11:47:01 INFO  WebServicesLog:76 - Execution started for TestCase No:1
2024-09-09 11:47:01 INFO  WebServicesLog:28 - Entered in to generateInputPayload method.
2024-09-09 11:47:01 INFO  WebServicesLog:107 - Entered in to textFileRead method.
2024-09-09 11:47:01 INFO  WebServicesLog:123 - Exit from textFileRead method.
2024-09-09 11:47:01 INFO  WebServicesLog:53 - Exit from generateInputPayload method.
2024-09-09 11:47:01 INFO  WebServicesLog:158 - Entered in to getMethod method.
2024-09-09 11:47:02 INFO  WebServicesLog:172 - Exit from getMethod method.
2024-09-09 11:47:02 INFO  WebServicesLog:180 - Entered in to responseCodeValidation method.
2024-09-09 11:47:02 INFO  WebServicesLog:75 - Entered in to createRow method.
2024-09-09 11:47:02 INFO  WebServicesLog:98 - Exit from createRow method.
2024-09-09 11:47:02 INFO  WebServicesLog:41 - Entered in to passTest method.
2024-09-09 11:47:02 INFO  WebServicesLog:44 - Test Case: Test Case: Get Emp Data<br />Result: PASS.<br />Result: PASS.
2024-09-09 11:47:02 INFO  WebServicesLog:45 - Exit from passTest method.
2024-09-09 11:47:02 INFO  WebServicesLog:136 - Execution status of Test Case number: '1' is : PASS 
2024-09-09 11:47:02 INFO  WebServicesLog:155 - Exit from GetEmp method.
2024-09-09 11:47:02 INFO  WebServicesLog:85 - Exit from serviceRedirection method.
2024-09-09 11:47:02 INFO  WebServicesLog:242 - Entered in to getFinalResult (String) method.
2024-09-09 11:47:02 INFO  WebServicesLog:259 - Exit from getFinalResult (String) method.
2024-09-09 11:47:02 INFO  WebServicesLog:75 - Entered in to createRow method.
2024-09-09 11:47:02 INFO  WebServicesLog:98 - Exit from createRow method.
2024-09-09 11:47:02 INFO  WebServicesLog:86 - Execution completed for GetEmp. Final result is:PASS
2024-09-09 11:47:02 INFO  WebServicesLog:102 - Entered in to excelFileRead method.
2024-09-09 11:47:02 INFO  WebServicesLog:113 - Exit from excelFileRead method.
2024-09-09 11:47:02 INFO  WebServicesLog:102 - Entered in to excelFileRead method.
2024-09-09 11:47:02 INFO  WebServicesLog:113 - Exit from excelFileRead method.
2024-09-09 11:47:02 INFO  WebServicesLog:35 - Entered in to extentSummary method.
2024-09-09 11:47:02 INFO  WebServicesLog:37 - Exit from extentSummary method.
2024-09-09 11:47:02 INFO  WebServicesLog:79 - Execution started for PutEmp
2024-09-09 11:47:02 INFO  WebServicesLog:70 - Entered in to serviceRedirection method.
2024-09-09 11:47:02 INFO  WebServicesLog:45 - Entered in to PutEmp method.
2024-09-09 11:47:02 INFO  WebServicesLog:102 - Entered in to excelFileRead method.
2024-09-09 11:47:02 INFO  WebServicesLog:113 - Exit from excelFileRead method.
2024-09-09 11:47:02 INFO  WebServicesLog:89 - Entered in to getProperties method.
2024-09-09 11:47:02 INFO  WebServicesLog:101 - Exit from getProperties method.
2024-09-09 11:47:02 INFO  WebServicesLog:89 - Entered in to getProperties method.
2024-09-09 11:47:02 INFO  WebServicesLog:101 - Exit from getProperties method.
2024-09-09 11:47:02 INFO  WebServicesLog:89 - Entered in to getProperties method.
2024-09-09 11:47:02 INFO  WebServicesLog:101 - Exit from getProperties method.
2024-09-09 11:47:02 INFO  WebServicesLog:89 - Entered in to getProperties method.
2024-09-09 11:47:02 INFO  WebServicesLog:101 - Exit from getProperties method.
2024-09-09 11:47:02 INFO  WebServicesLog:89 - Entered in to getProperties method.
2024-09-09 11:47:02 INFO  WebServicesLog:101 - Exit from getProperties method.
2024-09-09 11:47:02 INFO  WebServicesLog:143 - Entered in to dateWithMilliSeconds method.
2024-09-09 11:47:02 INFO  WebServicesLog:146 - Exit from dateWithMilliSeconds method.
2024-09-09 11:47:02 INFO  WebServicesLog:75 - Entered in to createRow method.
2024-09-09 11:47:02 INFO  WebServicesLog:98 - Exit from createRow method.
2024-09-09 11:47:02 INFO  WebServicesLog:76 - Execution started for TestCase No:1
2024-09-09 11:47:02 INFO  WebServicesLog:28 - Entered in to generateInputPayload method.
2024-09-09 11:47:02 INFO  WebServicesLog:107 - Entered in to textFileRead method.
2024-09-09 11:47:02 INFO  WebServicesLog:123 - Exit from textFileRead method.
2024-09-09 11:47:02 INFO  WebServicesLog:53 - Exit from generateInputPayload method.
2024-09-09 11:47:02 INFO  WebServicesLog:90 - Entered in to putMethod method.
2024-09-09 11:47:03 INFO  WebServicesLog:104 - Exit from putMethod method.
2024-09-09 11:47:03 INFO  WebServicesLog:180 - Entered in to responseCodeValidation method.
2024-09-09 11:47:03 INFO  WebServicesLog:75 - Entered in to createRow method.
2024-09-09 11:47:03 INFO  WebServicesLog:98 - Exit from createRow method.
2024-09-09 11:47:03 INFO  WebServicesLog:41 - Entered in to passTest method.
2024-09-09 11:47:03 INFO  WebServicesLog:44 - Test Case: Test Case: Put Emp Data<br />Result: PASS.<br />Result: PASS.
2024-09-09 11:47:03 INFO  WebServicesLog:45 - Exit from passTest method.
2024-09-09 11:47:03 INFO  WebServicesLog:136 - Execution status of Test Case number: '1' is : PASS 
2024-09-09 11:47:03 INFO  WebServicesLog:155 - Exit from PutEmp method.
2024-09-09 11:47:03 INFO  WebServicesLog:85 - Exit from serviceRedirection method.
2024-09-09 11:47:03 INFO  WebServicesLog:242 - Entered in to getFinalResult (String) method.
2024-09-09 11:47:03 INFO  WebServicesLog:259 - Exit from getFinalResult (String) method.
2024-09-09 11:47:03 INFO  WebServicesLog:75 - Entered in to createRow method.
2024-09-09 11:47:03 INFO  WebServicesLog:98 - Exit from createRow method.
2024-09-09 11:47:03 INFO  WebServicesLog:86 - Execution completed for PutEmp. Final result is:PASS
2024-09-09 11:47:03 INFO  WebServicesLog:102 - Entered in to excelFileRead method.
2024-09-09 11:47:03 INFO  WebServicesLog:113 - Exit from excelFileRead method.
2024-09-09 11:47:03 INFO  WebServicesLog:102 - Entered in to excelFileRead method.
2024-09-09 11:47:03 INFO  WebServicesLog:113 - Exit from excelFileRead method.
2024-09-09 11:47:03 INFO  WebServicesLog:35 - Entered in to extentSummary method.
2024-09-09 11:47:03 INFO  WebServicesLog:37 - Exit from extentSummary method.
2024-09-09 11:47:03 INFO  WebServicesLog:79 - Execution started for GetEmp
2024-09-09 11:47:03 INFO  WebServicesLog:70 - Entered in to serviceRedirection method.
2024-09-09 11:47:03 INFO  WebServicesLog:45 - Entered in to GetEmp method.
2024-09-09 11:47:03 INFO  WebServicesLog:102 - Entered in to excelFileRead method.
2024-09-09 11:47:03 INFO  WebServicesLog:113 - Exit from excelFileRead method.
2024-09-09 11:47:03 INFO  WebServicesLog:89 - Entered in to getProperties method.
2024-09-09 11:47:03 INFO  WebServicesLog:101 - Exit from getProperties method.
2024-09-09 11:47:03 INFO  WebServicesLog:89 - Entered in to getProperties method.
2024-09-09 11:47:03 INFO  WebServicesLog:101 - Exit from getProperties method.
2024-09-09 11:47:03 INFO  WebServicesLog:89 - Entered in to getProperties method.
2024-09-09 11:47:03 INFO  WebServicesLog:101 - Exit from getProperties method.
2024-09-09 11:47:03 INFO  WebServicesLog:89 - Entered in to getProperties method.
2024-09-09 11:47:03 INFO  WebServicesLog:101 - Exit from getProperties method.
2024-09-09 11:47:03 INFO  WebServicesLog:89 - Entered in to getProperties method.
2024-09-09 11:47:03 INFO  WebServicesLog:101 - Exit from getProperties method.
2024-09-09 11:47:03 INFO  WebServicesLog:143 - Entered in to dateWithMilliSeconds method.
2024-09-09 11:47:03 INFO  WebServicesLog:146 - Exit from dateWithMilliSeconds method.
2024-09-09 11:47:03 INFO  WebServicesLog:75 - Entered in to createRow method.
2024-09-09 11:47:03 INFO  WebServicesLog:98 - Exit from createRow method.
2024-09-09 11:47:03 INFO  WebServicesLog:76 - Execution started for TestCase No:1
2024-09-09 11:47:03 INFO  WebServicesLog:28 - Entered in to generateInputPayload method.
2024-09-09 11:47:03 INFO  WebServicesLog:107 - Entered in to textFileRead method.
2024-09-09 11:47:03 INFO  WebServicesLog:123 - Exit from textFileRead method.
2024-09-09 11:47:03 INFO  WebServicesLog:53 - Exit from generateInputPayload method.
2024-09-09 11:47:03 INFO  WebServicesLog:158 - Entered in to getMethod method.
2024-09-09 11:47:04 INFO  WebServicesLog:172 - Exit from getMethod method.
2024-09-09 11:47:04 INFO  WebServicesLog:180 - Entered in to responseCodeValidation method.
2024-09-09 11:47:04 INFO  WebServicesLog:75 - Entered in to createRow method.
2024-09-09 11:47:04 INFO  WebServicesLog:98 - Exit from createRow method.
2024-09-09 11:47:04 INFO  WebServicesLog:41 - Entered in to passTest method.
2024-09-09 11:47:04 INFO  WebServicesLog:44 - Test Case: Test Case: Get Emp Data<br />Result: PASS.<br />Result: PASS.
2024-09-09 11:47:04 INFO  WebServicesLog:45 - Exit from passTest method.
2024-09-09 11:47:04 INFO  WebServicesLog:136 - Execution status of Test Case number: '1' is : PASS 
2024-09-09 11:47:04 INFO  WebServicesLog:155 - Exit from GetEmp method.
2024-09-09 11:47:04 INFO  WebServicesLog:85 - Exit from serviceRedirection method.
2024-09-09 11:47:04 INFO  WebServicesLog:242 - Entered in to getFinalResult (String) method.
2024-09-09 11:47:04 INFO  WebServicesLog:259 - Exit from getFinalResult (String) method.
2024-09-09 11:47:04 INFO  WebServicesLog:75 - Entered in to createRow method.
2024-09-09 11:47:04 INFO  WebServicesLog:98 - Exit from createRow method.
2024-09-09 11:47:04 INFO  WebServicesLog:86 - Execution completed for GetEmp. Final result is:PASS
2024-09-09 11:47:04 INFO  WebServicesLog:102 - Entered in to excelFileRead method.
2024-09-09 11:47:04 INFO  WebServicesLog:113 - Exit from excelFileRead method.
2024-09-09 11:47:04 INFO  WebServicesLog:102 - Entered in to excelFileRead method.
2024-09-09 11:47:04 INFO  WebServicesLog:113 - Exit from excelFileRead method.
2024-09-09 11:47:04 INFO  WebServicesLog:35 - Entered in to extentSummary method.
2024-09-09 11:47:04 INFO  WebServicesLog:37 - Exit from extentSummary method.
2024-09-09 11:47:04 INFO  WebServicesLog:79 - Execution started for DeleteEmp
2024-09-09 11:47:04 INFO  WebServicesLog:70 - Entered in to serviceRedirection method.
2024-09-09 11:47:04 INFO  WebServicesLog:45 - Entered in to DeleteEmp method.
2024-09-09 11:47:04 INFO  WebServicesLog:102 - Entered in to excelFileRead method.
2024-09-09 11:47:04 INFO  WebServicesLog:113 - Exit from excelFileRead method.
2024-09-09 11:47:04 INFO  WebServicesLog:89 - Entered in to getProperties method.
2024-09-09 11:47:04 INFO  WebServicesLog:101 - Exit from getProperties method.
2024-09-09 11:47:04 INFO  WebServicesLog:89 - Entered in to getProperties method.
2024-09-09 11:47:04 INFO  WebServicesLog:101 - Exit from getProperties method.
2024-09-09 11:47:04 INFO  WebServicesLog:89 - Entered in to getProperties method.
2024-09-09 11:47:04 INFO  WebServicesLog:101 - Exit from getProperties method.
2024-09-09 11:47:04 INFO  WebServicesLog:89 - Entered in to getProperties method.
2024-09-09 11:47:04 INFO  WebServicesLog:101 - Exit from getProperties method.
2024-09-09 11:47:04 INFO  WebServicesLog:89 - Entered in to getProperties method.
2024-09-09 11:47:04 INFO  WebServicesLog:101 - Exit from getProperties method.
2024-09-09 11:47:04 INFO  WebServicesLog:143 - Entered in to dateWithMilliSeconds method.
2024-09-09 11:47:04 INFO  WebServicesLog:146 - Exit from dateWithMilliSeconds method.
2024-09-09 11:47:04 INFO  WebServicesLog:75 - Entered in to createRow method.
2024-09-09 11:47:04 INFO  WebServicesLog:98 - Exit from createRow method.
2024-09-09 11:47:04 INFO  WebServicesLog:76 - Execution started for TestCase No:1
2024-09-09 11:47:04 INFO  WebServicesLog:28 - Entered in to generateInputPayload method.
2024-09-09 11:47:04 INFO  WebServicesLog:107 - Entered in to textFileRead method.
2024-09-09 11:47:04 INFO  WebServicesLog:123 - Exit from textFileRead method.
2024-09-09 11:47:04 INFO  WebServicesLog:53 - Exit from generateInputPayload method.
2024-09-09 11:47:04 INFO  WebServicesLog:135 - Entered in to deleteMethod method.
2024-09-09 11:47:05 INFO  WebServicesLog:149 - Exit from deleteMethod method.
2024-09-09 11:47:05 INFO  WebServicesLog:180 - Entered in to responseCodeValidation method.
2024-09-09 11:47:05 INFO  WebServicesLog:75 - Entered in to createRow method.
2024-09-09 11:47:05 INFO  WebServicesLog:98 - Exit from createRow method.
2024-09-09 11:47:05 INFO  WebServicesLog:41 - Entered in to passTest method.
2024-09-09 11:47:05 INFO  WebServicesLog:44 - Test Case: Test Case: Delete Emp Data<br />Result: PASS.<br />Result: PASS.
2024-09-09 11:47:05 INFO  WebServicesLog:45 - Exit from passTest method.
2024-09-09 11:47:05 INFO  WebServicesLog:136 - Execution status of Test Case number: '1' is : PASS 
2024-09-09 11:47:05 INFO  WebServicesLog:155 - Exit from DeleteEmp method.
2024-09-09 11:47:05 INFO  WebServicesLog:85 - Exit from serviceRedirection method.
2024-09-09 11:47:05 INFO  WebServicesLog:242 - Entered in to getFinalResult (String) method.
2024-09-09 11:47:05 INFO  WebServicesLog:259 - Exit from getFinalResult (String) method.
2024-09-09 11:47:05 INFO  WebServicesLog:75 - Entered in to createRow method.
2024-09-09 11:47:05 INFO  WebServicesLog:98 - Exit from createRow method.
2024-09-09 11:47:05 INFO  WebServicesLog:86 - Execution completed for DeleteEmp. Final result is:PASS
2024-09-09 11:47:05 INFO  WebServicesLog:72 - Entered in to endReport method.
2024-09-09 11:47:05 INFO  WebServicesLog:75 - Exit from endReport method.
2024-09-09 11:47:05 INFO  WebServicesLog:106 - Exit from executeSuite method
